<?xml version="1.0" encoding="UTF-8"?>
<!-- Generated by org.testng.reporters.JUnitReportReporter -->
<testsuite hostname="Gauranga" failures="0" tests="1" name="Testcases.TC_001" time="71.414" errors="0" timestamp="2025-09-08T20:26:55 IST" skipped="0">
  <testcase classname="Testcases.TC_001" name="main" time="71.414"/>
</testsuite> <!-- Testcases.TC_001 -->
