<?xml version="1.0" encoding="UTF-8"?>
<!-- Generated by org.testng.reporters.JUnitReportReporter -->
<testsuite hostname="Gauranga" failures="0" tests="2" name="Testcases.TC_001" time="148.950" errors="0" timestamp="2025-09-08T17:15:35 IST" skipped="0">
  <testcase classname="Testcases.TC_001" name="main" time="75.411"/>
  <testcase classname="Testcases.TC_001" name="main" time="73.539"/>
</testsuite> <!-- Testcases.TC_001 -->
