<?xml version="1.0" encoding="UTF-8"?>
<!-- Generated by org.testng.reporters.JUnitReportReporter -->
<testsuite hostname="Gauranga" failures="0" tests="1" name="Testcases.TC_001" time="11.187" errors="0" timestamp="2025-09-07T15:00:51 IST" skipped="0">
  <testcase classname="Testcases.TC_001" name="main" time="11.187"/>
</testsuite> <!-- Testcases.TC_001 -->
